{"total": {"lines":{"total":148,"covered":40,"skipped":0,"pct":27.03},"statements":{"total":167,"covered":55,"skipped":0,"pct":32.93},"functions":{"total":67,"covered":21,"skipped":0,"pct":31.34},"branches":{"total":24,"covered":0,"skipped":0,"pct":0}}
,"D:\\Code\\WebStorm\\bffl\\frontend\\src\\polyfills.ts": {"lines":{"total":0,"covered":0,"skipped":0,"pct":0},"functions":{"total":0,"covered":0,"skipped":0,"pct":0},"statements":{"total":0,"covered":0,"skipped":0,"pct":0},"branches":{"total":0,"covered":0,"skipped":0,"pct":0}}
,"D:\\Code\\WebStorm\\bffl\\frontend\\src\\test.ts": {"lines":{"total":3,"covered":3,"skipped":0,"pct":100},"functions":{"total":0,"covered":0,"skipped":0,"pct":100},"statements":{"total":3,"covered":3,"skipped":0,"pct":100},"branches":{"total":0,"covered":0,"skipped":0,"pct":100}}
,"D:\\Code\\WebStorm\\bffl\\frontend\\src\\app\\app.component.ts": {"lines":{"total":2,"covered":2,"skipped":0,"pct":100},"functions":{"total":1,"covered":1,"skipped":0,"pct":100},"statements":{"total":3,"covered":3,"skipped":0,"pct":100},"branches":{"total":0,"covered":0,"skipped":0,"pct":100}}
,"D:\\Code\\WebStorm\\bffl\\frontend\\src\\app\\Components\\BottomBarComponents\\botbar\\botbar.component.ts": {"lines":{"total":1,"covered":1,"skipped":0,"pct":100},"functions":{"total":2,"covered":2,"skipped":0,"pct":100},"statements":{"total":2,"covered":2,"skipped":0,"pct":100},"branches":{"total":0,"covered":0,"skipped":0,"pct":100}}
,"D:\\Code\\WebStorm\\bffl\\frontend\\src\\app\\Components\\BottomBarComponents\\datenschutz\\datenschutz.component.ts": {"lines":{"total":1,"covered":1,"skipped":0,"pct":100},"functions":{"total":2,"covered":2,"skipped":0,"pct":100},"statements":{"total":2,"covered":2,"skipped":0,"pct":100},"branches":{"total":0,"covered":0,"skipped":0,"pct":100}}
,"D:\\Code\\WebStorm\\bffl\\frontend\\src\\app\\Components\\BottomBarComponents\\impressum\\impressum.component.ts": {"lines":{"total":1,"covered":1,"skipped":0,"pct":100},"functions":{"total":2,"covered":2,"skipped":0,"pct":100},"statements":{"total":2,"covered":2,"skipped":0,"pct":100},"branches":{"total":0,"covered":0,"skipped":0,"pct":100}}
,"D:\\Code\\WebStorm\\bffl\\frontend\\src\\app\\Components\\BottomBarComponents\\kontakt\\kontakt.component.ts": {"lines":{"total":1,"covered":1,"skipped":0,"pct":100},"functions":{"total":2,"covered":2,"skipped":0,"pct":100},"statements":{"total":2,"covered":2,"skipped":0,"pct":100},"branches":{"total":0,"covered":0,"skipped":0,"pct":100}}
,"D:\\Code\\WebStorm\\bffl\\frontend\\src\\app\\Components\\MainPageSections\\main-page\\main-page.component.ts": {"lines":{"total":18,"covered":9,"skipped":0,"pct":50},"functions":{"total":12,"covered":6,"skipped":0,"pct":50},"statements":{"total":22,"covered":11,"skipped":0,"pct":50},"branches":{"total":0,"covered":0,"skipped":0,"pct":100}}
,"D:\\Code\\WebStorm\\bffl\\frontend\\src\\app\\Components\\MainPageSections\\shorten-section\\shorten-section.component.ts": {"lines":{"total":30,"covered":1,"skipped":0,"pct":3.33},"functions":{"total":4,"covered":0,"skipped":0,"pct":0},"statements":{"total":31,"covered":2,"skipped":0,"pct":6.45},"branches":{"total":10,"covered":0,"skipped":0,"pct":0}}
,"D:\\Code\\WebStorm\\bffl\\frontend\\src\\app\\Components\\TopBarComponents\\group-selection\\group-selection.component.ts": {"lines":{"total":8,"covered":1,"skipped":0,"pct":12.5},"functions":{"total":5,"covered":0,"skipped":0,"pct":0},"statements":{"total":9,"covered":2,"skipped":0,"pct":22.22},"branches":{"total":0,"covered":0,"skipped":0,"pct":100}}
,"D:\\Code\\WebStorm\\bffl\\frontend\\src\\app\\Components\\TopBarComponents\\topbar\\topbar.component.ts": {"lines":{"total":3,"covered":2,"skipped":0,"pct":66.67},"functions":{"total":3,"covered":1,"skipped":0,"pct":33.33},"statements":{"total":4,"covered":3,"skipped":0,"pct":75},"branches":{"total":0,"covered":0,"skipped":0,"pct":100}}
,"D:\\Code\\WebStorm\\bffl\\frontend\\src\\app\\DBReturnTypes\\DBReturnTypes.ts": {"lines":{"total":10,"covered":0,"skipped":0,"pct":0},"functions":{"total":2,"covered":0,"skipped":0,"pct":0},"statements":{"total":10,"covered":0,"skipped":0,"pct":0},"branches":{"total":0,"covered":0,"skipped":0,"pct":100}}
,"D:\\Code\\WebStorm\\bffl\\frontend\\src\\app\\Services\\DB-Connect-Services\\db-connector.service.ts": {"lines":{"total":19,"covered":5,"skipped":0,"pct":26.32},"functions":{"total":12,"covered":2,"skipped":0,"pct":16.67},"statements":{"total":20,"covered":6,"skipped":0,"pct":30},"branches":{"total":0,"covered":0,"skipped":0,"pct":100}}
,"D:\\Code\\WebStorm\\bffl\\frontend\\src\\app\\Services\\Iam-Services\\auth-guard.service.ts": {"lines":{"total":19,"covered":1,"skipped":0,"pct":5.26},"functions":{"total":5,"covered":0,"skipped":0,"pct":0},"statements":{"total":22,"covered":2,"skipped":0,"pct":9.09},"branches":{"total":10,"covered":0,"skipped":0,"pct":0}}
,"D:\\Code\\WebStorm\\bffl\\frontend\\src\\app\\Services\\Iam-Services\\auth-interceptor.service.ts": {"lines":{"total":5,"covered":1,"skipped":0,"pct":20},"functions":{"total":2,"covered":0,"skipped":0,"pct":0},"statements":{"total":6,"covered":2,"skipped":0,"pct":33.33},"branches":{"total":2,"covered":0,"skipped":0,"pct":0}}
,"D:\\Code\\WebStorm\\bffl\\frontend\\src\\app\\Services\\Iam-Services\\auth.service.ts": {"lines":{"total":20,"covered":5,"skipped":0,"pct":25},"functions":{"total":11,"covered":2,"skipped":0,"pct":18.18},"statements":{"total":21,"covered":6,"skipped":0,"pct":28.57},"branches":{"total":2,"covered":0,"skipped":0,"pct":0}}
,"D:\\Code\\WebStorm\\bffl\\frontend\\src\\app\\Services\\Shorten-Services\\shorten.service.ts": {"lines":{"total":3,"covered":2,"skipped":0,"pct":66.67},"functions":{"total":2,"covered":1,"skipped":0,"pct":50},"statements":{"total":4,"covered":3,"skipped":0,"pct":75},"branches":{"total":0,"covered":0,"skipped":0,"pct":100}}
,"D:\\Code\\WebStorm\\bffl\\frontend\\src\\assets\\endpoints\\endpoints.ts": {"lines":{"total":1,"covered":1,"skipped":0,"pct":100},"functions":{"total":0,"covered":0,"skipped":0,"pct":100},"statements":{"total":1,"covered":1,"skipped":0,"pct":100},"branches":{"total":0,"covered":0,"skipped":0,"pct":100}}
,"D:\\Code\\WebStorm\\bffl\\frontend\\src\\environments\\environment.ts": {"lines":{"total":3,"covered":3,"skipped":0,"pct":100},"functions":{"total":0,"covered":0,"skipped":0,"pct":100},"statements":{"total":3,"covered":3,"skipped":0,"pct":100},"branches":{"total":0,"covered":0,"skipped":0,"pct":100}}
}
